16:40:49 INFO  : Registering command handlers for SDK TCF services
16:40:50 INFO  : Launching XSCT server: xsct.bat -interactive F:\worked_proj\video_ov5640_v12_2_4\video_ov5640.sdk\temp_xsdb_launch_script.tcl
16:40:52 INFO  : XSCT server has started successfully.
16:40:52 INFO  : Successfully done setting XSCT server connection channel  
16:40:52 INFO  : Processing command line option -hwspec F:/worked_proj/video_ov5640_v12_2_4/video_ov5640.sdk/system_wrapper.hdf.
16:40:52 INFO  : Successfully done setting SDK workspace  
16:45:52 INFO  : Connected to target on host '127.0.0.1' and port '3121'.
16:45:52 INFO  : Jtag cable 'Digilent JTAG-HS1 210249855362' is selected.
16:45:52 INFO  : 'jtag frequency' command is executed.
16:45:52 INFO  : Sourcing of 'F:/worked_proj/video_ov5640_v12_2_4/video_ov5640.sdk/system_wrapper_hw_platform_0/ps7_init.tcl' is done.
16:45:53 INFO  : Context for 'APU' is selected.
16:45:53 INFO  : System reset is completed.
16:45:56 INFO  : 'after 3000' command is executed.
16:45:56 INFO  : 'targets -set -filter {jtag_cable_name =~ "Digilent JTAG-HS1 210249855362" && level==0} -index 1' command is executed.
16:46:10 INFO  : FPGA configured successfully with bitstream "F:/worked_proj/video_ov5640_v12_2_4/video_ov5640.sdk/system_wrapper_hw_platform_0/system_wrapper.bit"
16:46:10 INFO  : Context for 'APU' is selected.
16:46:11 INFO  : Hardware design information is loaded from 'F:/worked_proj/video_ov5640_v12_2_4/video_ov5640.sdk/system_wrapper_hw_platform_0/system.hdf'.
16:46:11 INFO  : 'configparams force-mem-access 1' command is executed.
16:46:11 INFO  : Context for 'APU' is selected.
16:46:11 INFO  : 'ps7_init' command is executed.
16:46:11 INFO  : 'ps7_post_config' command is executed.
16:46:11 INFO  : Context for processor 'ps7_cortexa9_0' is selected.
16:46:11 INFO  : The application 'F:/worked_proj/video_ov5640_v12_2_4/video_ov5640.sdk/app/Debug/app.elf' is downloaded to processor 'ps7_cortexa9_0'.
16:46:11 INFO  : 'configparams force-mem-access 0' command is executed.
16:46:11 INFO  : ----------------XSDB Script----------------
connect -url tcp:127.0.0.1:3121
source F:/worked_proj/video_ov5640_v12_2_4/video_ov5640.sdk/system_wrapper_hw_platform_0/ps7_init.tcl
targets -set -nocase -filter {name =~"APU*" && jtag_cable_name =~ "Digilent JTAG-HS1 210249855362"} -index 0
rst -system
after 3000
targets -set -filter {jtag_cable_name =~ "Digilent JTAG-HS1 210249855362" && level==0} -index 1
fpga -file F:/worked_proj/video_ov5640_v12_2_4/video_ov5640.sdk/system_wrapper_hw_platform_0/system_wrapper.bit
targets -set -nocase -filter {name =~"APU*" && jtag_cable_name =~ "Digilent JTAG-HS1 210249855362"} -index 0
loadhw -hw F:/worked_proj/video_ov5640_v12_2_4/video_ov5640.sdk/system_wrapper_hw_platform_0/system.hdf -mem-ranges [list {0x40000000 0xbfffffff}]
configparams force-mem-access 1
targets -set -nocase -filter {name =~"APU*" && jtag_cable_name =~ "Digilent JTAG-HS1 210249855362"} -index 0
ps7_init
ps7_post_config
targets -set -nocase -filter {name =~ "ARM*#0" && jtag_cable_name =~ "Digilent JTAG-HS1 210249855362"} -index 0
dow F:/worked_proj/video_ov5640_v12_2_4/video_ov5640.sdk/app/Debug/app.elf
configparams force-mem-access 0
----------------End of Script----------------

16:46:11 INFO  : Memory regions updated for context APU
16:46:11 INFO  : Context for processor 'ps7_cortexa9_0' is selected.
16:46:11 INFO  : 'con' command is executed.
16:46:11 INFO  : ----------------XSDB Script (After Launch)----------------
targets -set -nocase -filter {name =~ "ARM*#0" && jtag_cable_name =~ "Digilent JTAG-HS1 210249855362"} -index 0
con
----------------End of Script----------------

16:46:12 INFO  : Launch script is exported to file 'F:\worked_proj\video_ov5640_v12_2_4\video_ov5640.sdk\.sdk\launch_scripts\xilinx_c-c++_application_(system_debugger)\system_debugger_using_debug_app.elf_on_local.tcl'
18:44:56 INFO  : Disconnected from the channel tcfchan#1.
